ensure: ip_address ensured
ensure: ip column ensured
ensure: attempted drop NOT NULL on ip (if existed)
ensure: other columns ensured
 * Serving Flask app 'app' (lazy loading)
 * Environment: production
   WARNING: This is a development server. Do not use it in a production deployment.
   Use a production WSGI server instead.
 * Debug mode: off
ensure: ip_address ensured
ensure: ip column ensured
ensure: attempted drop NOT NULL on ip (if existed)
ensure: other columns ensured
ensure: ip_address ensured
ensure: ip column ensured
ensure: attempted drop NOT NULL on ip (if existed)
ensure: other columns ensured
ensure: ip_address ensured
ensure: ip column ensured
ensure: attempted drop NOT NULL on ip (if existed)
ensure: other columns ensured
ensure: ip_address ensured
ensure: ip column ensured
ensure: attempted drop NOT NULL on ip (if existed)
ensure: other columns ensured
